# JRE version: OpenJDK Runtime Environment Temurin-17.0.11+9 (17.0.11+9) (build 17.0.11+9)
# Java VM: OpenJDK 64-Bit Server VM Temurin-17.0.11+9 (17.0.11+9, mixed mode, tiered, compressed oops, compressed class ptrs, parallel gc, windows-amd64)
GC Precious Log:
 CPUs: 4 total, 4 available
 Memory: 3863M
 Large Page Support: Disabled
 NUMA Support: Disabled
 Compressed Oops: Enabled (32-bit)
 Alignments: Space 512K, Generation 512K, Heap 2M
 Heap Min Capacity: 100M
 Heap Initial Capacity: 100M
 Heap Max Capacity: 1G
 Pre-touch: Disabled
 Parallel Workers: 4
Heap:
 PSYoungGen      total 5632K, used 2434K [0x00000000eab00000, 0x00000000eb380000, 0x0000000100000000)
  eden space 3072K, 10% used [0x00000000eab00000,0x00000000eab4d578,0x00000000eae00000)
  from space 2560K, 83% used [0x00000000eb100000,0x00000000eb3134a0,0x00000000eb380000)
  to   space 2560K, 0% used [0x00000000eae00000,0x00000000eae00000,0x00000000eb080000)
 ParOldGen       total 123904K, used 111417K [0x00000000c0000000, 0x00000000c7900000, 0x00000000eab00000)
  object space 123904K, 89% used [0x00000000c0000000,0x00000000c6cce4c8,0x00000000c7900000)
 Metaspace       used 84443K, committed 85824K, reserved 1179648K
  class space    used 8568K, committed 9152K, reserved 1048576K
GC Heap History (20 events):
Event: 478.151 GC heap before
{Heap before GC invocations=1053 (full 28):
 PSYoungGen      total 6656K, used 6413K [0x00000000eab00000, 0x00000000eb500000, 0x0000000100000000)
  eden space 4096K, 100% used [0x00000000eab00000,0x00000000eaf00000,0x00000000eaf00000)
  from space 2560K, 90% used [0x00000000eaf00000,0x00000000eb143630,0x00000000eb180000)
  to   space 3072K, 0% used [0x00000000eb200000,0x00000000eb200000,0x00000000eb500000)
 ParOldGen       total 123904K, used 101979K [0x00000000c0000000, 0x00000000c7900000, 0x00000000eab00000)
  object space 123904K, 82% used [0x00000000c0000000,0x00000000c6396e18,0x00000000c7900000)
 Metaspace       used 84322K, committed 85696K, reserved 1179648K
  class space    used 8558K, committed 9152K, reserved 1048576K
}
Event: 478.158 GC heap after
{Heap after GC invocations=1053 (full 28):
 PSYoungGen      total 6656K, used 3047K [0x00000000eab00000, 0x00000000eb600000, 0x0000000100000000)
  eden space 3584K, 0% used [0x00000000eab00000,0x00000000eab00000,0x00000000eae80000)
  from space 3072K, 99% used [0x00000000eb200000,0x00000000eb4f9ce8,0x00000000eb500000)
  to   space 3584K, 0% used [0x00000000eae80000,0x00000000eae80000,0x00000000eb200000)
 ParOldGen       total 123904K, used 101979K [0x00000000c0000000, 0x00000000c7900000, 0x00000000eab00000)
  object space 123904K, 82% used [0x00000000c0000000,0x00000000c6396e18,0x00000000c7900000)
 Metaspace       used 84322K, committed 85696K, reserved 1179648K
  class space    used 8558K, committed 9152K, reserved 1048576K
}
Event: 478.351 GC heap before
{Heap before GC invocations=1054 (full 28):
 PSYoungGen      total 6656K, used 6631K [0x00000000eab00000, 0x00000000eb600000, 0x0000000100000000)
  eden space 3584K, 100% used [0x00000000eab00000,0x00000000eae80000,0x00000000eae80000)
  from space 3072K, 99% used [0x00000000eb200000,0x00000000eb4f9ce8,0x00000000eb500000)
  to   space 3584K, 0% used [0x00000000eae80000,0x00000000eae80000,0x00000000eb200000)
 ParOldGen       total 123904K, used 101979K [0x00000000c0000000, 0x00000000c7900000, 0x00000000eab00000)
  object space 123904K, 82% used [0x00000000c0000000,0x00000000c6396e18,0x00000000c7900000)
 Metaspace       used 84322K, committed 85696K, reserved 1179648K
  class space    used 8558K, committed 9152K, reserved 1048576K
}
Event: 478.381 GC heap after
{Heap after GC invocations=1054 (full 28):
 PSYoungGen      total 5632K, used 1704K [0x00000000eab00000, 0x00000000eb380000, 0x0000000100000000)
  eden space 3584K, 0% used [0x00000000eab00000,0x00000000eab00000,0x00000000eae80000)
  from space 2048K, 83% used [0x00000000eae80000,0x00000000eb02a398,0x00000000eb080000)
  to   space 2560K, 0% used [0x00000000eb100000,0x00000000eb100000,0x00000000eb380000)
 ParOldGen       total 123904K, used 103832K [0x00000000c0000000, 0x00000000c7900000, 0x00000000eab00000)
  object space 123904K, 83% used [0x00000000c0000000,0x00000000c6566018,0x00000000c7900000)
 Metaspace       used 84322K, committed 85696K, reserved 1179648K
  class space    used 8558K, committed 9152K, reserved 1048576K
}
Event: 479.002 GC heap before
{Heap before GC invocations=1055 (full 28):
 PSYoungGen      total 5632K, used 5288K [0x00000000eab00000, 0x00000000eb380000, 0x0000000100000000)
  eden space 3584K, 100% used [0x00000000eab00000,0x00000000eae80000,0x00000000eae80000)
  from space 2048K, 83% used [0x00000000eae80000,0x00000000eb02a398,0x00000000eb080000)
  to   space 2560K, 0% used [0x00000000eb100000,0x00000000eb100000,0x00000000eb380000)
 ParOldGen       total 123904K, used 103832K [0x00000000c0000000, 0x00000000c7900000, 0x00000000eab00000)
  object space 123904K, 83% used [0x00000000c0000000,0x00000000c6566018,0x00000000c7900000)
 Metaspace       used 84363K, committed 85696K, reserved 1179648K
  class space    used 8560K, committed 9152K, reserved 1048576K
}
Event: 479.005 GC heap after
{Heap after GC invocations=1055 (full 28):
 PSYoungGen      total 6144K, used 2383K [0x00000000eab00000, 0x00000000eb380000, 0x0000000100000000)
  eden space 3584K, 0% used [0x00000000eab00000,0x00000000eab00000,0x00000000eae80000)
  from space 2560K, 93% used [0x00000000eb100000,0x00000000eb353da0,0x00000000eb380000)
  to   space 2560K, 0% used [0x00000000eae80000,0x00000000eae80000,0x00000000eb100000)
 ParOldGen       total 123904K, used 104116K [0x00000000c0000000, 0x00000000c7900000, 0x00000000eab00000)
  object space 123904K, 84% used [0x00000000c0000000,0x00000000c65ad078,0x00000000c7900000)
 Metaspace       used 84363K, committed 85696K, reserved 1179648K
  class space    used 8560K, committed 9152K, reserved 1048576K
}
Event: 479.422 GC heap before
{Heap before GC invocations=1056 (full 28):
 PSYoungGen      total 6144K, used 5967K [0x00000000eab00000, 0x00000000eb380000, 0x0000000100000000)
  eden space 3584K, 100% used [0x00000000eab00000,0x00000000eae80000,0x00000000eae80000)
  from space 2560K, 93% used [0x00000000eb100000,0x00000000eb353da0,0x00000000eb380000)
  to   space 2560K, 0% used [0x00000000eae80000,0x00000000eae80000,0x00000000eb100000)
 ParOldGen       total 123904K, used 104116K [0x00000000c0000000, 0x00000000c7900000, 0x00000000eab00000)
  object space 123904K, 84% used [0x00000000c0000000,0x00000000c65ad078,0x00000000c7900000)
 Metaspace       used 84373K, committed 85760K, reserved 1179648K
  class space    used 8561K, committed 9152K, reserved 1048576K
}
Event: 479.429 GC heap after
{Heap after GC invocations=1056 (full 28):
 PSYoungGen      total 6144K, used 2546K [0x00000000eab00000, 0x00000000eb580000, 0x0000000100000000)
  eden space 3584K, 0% used [0x00000000eab00000,0x00000000eab00000,0x00000000eae80000)
  from space 2560K, 99% used [0x00000000eae80000,0x00000000eb0fcb28,0x00000000eb100000)
  to   space 3584K, 0% used [0x00000000eb200000,0x00000000eb200000,0x00000000eb580000)
 ParOldGen       total 123904K, used 104906K [0x00000000c0000000, 0x00000000c7900000, 0x00000000eab00000)
  object space 123904K, 84% used [0x00000000c0000000,0x00000000c66728d8,0x00000000c7900000)
 Metaspace       used 84373K, committed 85760K, reserved 1179648K
  class space    used 8561K, committed 9152K, reserved 1048576K
}
Event: 480.172 GC heap before
{Heap before GC invocations=1057 (full 28):
 PSYoungGen      total 6144K, used 6130K [0x00000000eab00000, 0x00000000eb580000, 0x0000000100000000)
  eden space 3584K, 100% used [0x00000000eab00000,0x00000000eae80000,0x00000000eae80000)
  from space 2560K, 99% used [0x00000000eae80000,0x00000000eb0fcb28,0x00000000eb100000)
  to   space 3584K, 0% used [0x00000000eb200000,0x00000000eb200000,0x00000000eb580000)
 ParOldGen       total 123904K, used 104906K [0x00000000c0000000, 0x00000000c7900000, 0x00000000eab00000)
  object space 123904K, 84% used [0x00000000c0000000,0x00000000c66728d8,0x00000000c7900000)
 Metaspace       used 84409K, committed 85760K, reserved 1179648K
  class space    used 8565K, committed 9152K, reserved 1048576K
}
Event: 480.180 GC heap after
{Heap after GC invocations=1057 (full 28):
 PSYoungGen      total 5632K, used 1915K [0x00000000eab00000, 0x00000000eb400000, 0x0000000100000000)
  eden space 3584K, 0% used [0x00000000eab00000,0x00000000eab00000,0x00000000eae80000)
  from space 2048K, 93% used [0x00000000eb200000,0x00000000eb3ded78,0x00000000eb400000)
  to   space 2560K, 0% used [0x00000000eaf00000,0x00000000eaf00000,0x00000000eb180000)
 ParOldGen       total 123904K, used 106425K [0x00000000c0000000, 0x00000000c7900000, 0x00000000eab00000)
  object space 123904K, 85% used [0x00000000c0000000,0x00000000c67ee598,0x00000000c7900000)
 Metaspace       used 84409K, committed 85760K, reserved 1179648K
  class space    used 8565K, committed 9152K, reserved 1048576K
}
Event: 480.404 GC heap before
{Heap before GC invocations=1058 (full 28):
 PSYoungGen      total 5632K, used 5499K [0x00000000eab00000, 0x00000000eb400000, 0x0000000100000000)
  eden space 3584K, 100% used [0x00000000eab00000,0x00000000eae80000,0x00000000eae80000)
  from space 2048K, 93% used [0x00000000eb200000,0x00000000eb3ded78,0x00000000eb400000)
  to   space 2560K, 0% used [0x00000000eaf00000,0x00000000eaf00000,0x00000000eb180000)
 ParOldGen       total 123904K, used 106425K [0x00000000c0000000, 0x00000000c7900000, 0x00000000eab00000)
  object space 123904K, 85% used [0x00000000c0000000,0x00000000c67ee598,0x00000000c7900000)
 Metaspace       used 84422K, committed 85760K, reserved 1179648K
  class space    used 8566K, committed 9152K, reserved 1048576K
}
Event: 480.418 GC heap after
{Heap after GC invocations=1058 (full 28):
 PSYoungGen      total 6144K, used 2555K [0x00000000eab00000, 0x00000000eb480000, 0x0000000100000000)
  eden space 3584K, 0% used [0x00000000eab00000,0x00000000eab00000,0x00000000eae80000)
  from space 2560K, 99% used [0x00000000eaf00000,0x00000000eb17ed58,0x00000000eb180000)
  to   space 3072K, 0% used [0x00000000eb180000,0x00000000eb180000,0x00000000eb480000)
 ParOldGen       total 123904K, used 106601K [0x00000000c0000000, 0x00000000c7900000, 0x00000000eab00000)
  object space 123904K, 86% used [0x00000000c0000000,0x00000000c681a598,0x00000000c7900000)
 Metaspace       used 84422K, committed 85760K, reserved 1179648K
  class space    used 8566K, committed 9152K, reserved 1048576K
}
Event: 480.842 GC heap before
{Heap before GC invocations=1059 (full 28):
 PSYoungGen      total 6144K, used 5939K [0x00000000eab00000, 0x00000000eb480000, 0x0000000100000000)
  eden space 3584K, 94% used [0x00000000eab00000,0x00000000eae4e110,0x00000000eae80000)
  from space 2560K, 99% used [0x00000000eaf00000,0x00000000eb17ed58,0x00000000eb180000)
  to   space 3072K, 0% used [0x00000000eb180000,0x00000000eb180000,0x00000000eb480000)
 ParOldGen       total 123904K, used 106601K [0x00000000c0000000, 0x00000000c7900000, 0x00000000eab00000)
  object space 123904K, 86% used [0x00000000c0000000,0x00000000c681a598,0x00000000c7900000)
 Metaspace       used 84425K, committed 85760K, reserved 1179648K
  class space    used 8566K, committed 9152K, reserved 1048576K
}
Event: 480.854 GC heap after
{Heap after GC invocations=1059 (full 28):
 PSYoungGen      total 6144K, used 3017K [0x00000000eab00000, 0x00000000eb580000, 0x0000000100000000)
  eden space 3072K, 0% used [0x00000000eab00000,0x00000000eab00000,0x00000000eae00000)
  from space 3072K, 98% used [0x00000000eb180000,0x00000000eb472558,0x00000000eb480000)
  to   space 3584K, 0% used [0x00000000eae00000,0x00000000eae00000,0x00000000eb180000)
 ParOldGen       total 123904K, used 108539K [0x00000000c0000000, 0x00000000c7900000, 0x00000000eab00000)
  object space 123904K, 87% used [0x00000000c0000000,0x00000000c69fefd8,0x00000000c7900000)
 Metaspace       used 84425K, committed 85760K, reserved 1179648K
  class space    used 8566K, committed 9152K, reserved 1048576K
}
Event: 481.029 GC heap before
{Heap before GC invocations=1060 (full 28):
 PSYoungGen      total 6144K, used 6089K [0x00000000eab00000, 0x00000000eb580000, 0x0000000100000000)
  eden space 3072K, 100% used [0x00000000eab00000,0x00000000eae00000,0x00000000eae00000)
  from space 3072K, 98% used [0x00000000eb180000,0x00000000eb472558,0x00000000eb480000)
  to   space 3584K, 0% used [0x00000000eae00000,0x00000000eae00000,0x00000000eb180000)
 ParOldGen       total 123904K, used 108539K [0x00000000c0000000, 0x00000000c7900000, 0x00000000eab00000)
  object space 123904K, 87% used [0x00000000c0000000,0x00000000c69fefd8,0x00000000c7900000)
 Metaspace       used 84434K, committed 85760K, reserved 1179648K
  class space    used 8567K, committed 9152K, reserved 1048576K
}
Event: 481.033 GC heap after
{Heap after GC invocations=1060 (full 28):
 PSYoungGen      total 5120K, used 1772K [0x00000000eab00000, 0x00000000eb300000, 0x0000000100000000)
  eden space 3072K, 0% used [0x00000000eab00000,0x00000000eab00000,0x00000000eae00000)
  from space 2048K, 86% used [0x00000000eae00000,0x00000000eafbb038,0x00000000eb000000)
  to   space 2560K, 0% used [0x00000000eb080000,0x00000000eb080000,0x00000000eb300000)
 ParOldGen       total 123904K, used 108539K [0x00000000c0000000, 0x00000000c7900000, 0x00000000eab00000)
  object space 123904K, 87% used [0x00000000c0000000,0x00000000c69fefd8,0x00000000c7900000)
 Metaspace       used 84434K, committed 85760K, reserved 1179648K
  class space    used 8567K, committed 9152K, reserved 1048576K
}
Event: 481.089 GC heap before
{Heap before GC invocations=1061 (full 28):
 PSYoungGen      total 5120K, used 4844K [0x00000000eab00000, 0x00000000eb300000, 0x0000000100000000)
  eden space 3072K, 100% used [0x00000000eab00000,0x00000000eae00000,0x00000000eae00000)
  from space 2048K, 86% used [0x00000000eae00000,0x00000000eafbb038,0x00000000eb000000)
  to   space 2560K, 0% used [0x00000000eb080000,0x00000000eb080000,0x00000000eb300000)
 ParOldGen       total 123904K, used 108539K [0x00000000c0000000, 0x00000000c7900000, 0x00000000eab00000)
  object space 123904K, 87% used [0x00000000c0000000,0x00000000c69fefd8,0x00000000c7900000)
 Metaspace       used 84442K, committed 85824K, reserved 1179648K
  class space    used 8568K, committed 9152K, reserved 1048576K
}
Event: 481.092 GC heap after
{Heap after GC invocations=1061 (full 28):
 PSYoungGen      total 5632K, used 2410K [0x00000000eab00000, 0x00000000eb300000, 0x0000000100000000)
  eden space 3072K, 0% used [0x00000000eab00000,0x00000000eab00000,0x00000000eae00000)
  from space 2560K, 94% used [0x00000000eb080000,0x00000000eb2da980,0x00000000eb300000)
  to   space 2560K, 0% used [0x00000000eae00000,0x00000000eae00000,0x00000000eb080000)
 ParOldGen       total 123904K, used 108539K [0x00000000c0000000, 0x00000000c7900000, 0x00000000eab00000)
  object space 123904K, 87% used [0x00000000c0000000,0x00000000c69fefd8,0x00000000c7900000)
 Metaspace       used 84442K, committed 85824K, reserved 1179648K
  class space    used 8568K, committed 9152K, reserved 1048576K
}
Event: 481.137 GC heap before
{Heap before GC invocations=1062 (full 28):
 PSYoungGen      total 5632K, used 5482K [0x00000000eab00000, 0x00000000eb300000, 0x0000000100000000)
  eden space 3072K, 100% used [0x00000000eab00000,0x00000000eae00000,0x00000000eae00000)
  from space 2560K, 94% used [0x00000000eb080000,0x00000000eb2da980,0x00000000eb300000)
  to   space 2560K, 0% used [0x00000000eae00000,0x00000000eae00000,0x00000000eb080000)
 ParOldGen       total 123904K, used 108539K [0x00000000c0000000, 0x00000000c7900000, 0x00000000eab00000)
  object space 123904K, 87% used [0x00000000c0000000,0x00000000c69fefd8,0x00000000c7900000)
 Metaspace       used 84442K, committed 85824K, reserved 1179648K
  class space    used 8568K, committed 9152K, reserved 1048576K
}
Event: 481.140 GC heap after
{Heap after GC invocations=1062 (full 28):
 PSYoungGen      total 5632K, used 2558K [0x00000000eab00000, 0x00000000eb400000, 0x0000000100000000)
  eden space 3072K, 0% used [0x00000000eab00000,0x00000000eab00000,0x00000000eae00000)
  from space 2560K, 99% used [0x00000000eae00000,0x00000000eb07fb18,0x00000000eb080000)
  to   space 3072K, 0% used [0x00000000eb100000,0x00000000eb100000,0x00000000eb400000)
 ParOldGen       total 123904K, used 108917K [0x00000000c0000000, 0x00000000c7900000, 0x00000000eab00000)
  object space 123904K, 87% used [0x00000000c0000000,0x00000000c6a5d7d0,0x00000000c7900000)
 Metaspace       used 84442K, committed 85824K, reserved 1179648K
  class space    used 8568K, committed 9152K, reserved 1048576K
}

