# JRE version: OpenJDK Runtime Environment Zulu21.34+19-CA (21.0.3+9) (build 21.0.3+9-LTS)
# Java VM: OpenJDK 64-Bit Server VM Zulu21.34+19-CA (21.0.3+9-LTS, mixed mode, sharing, tiered, compressed oops, compressed class ptrs, g1 gc, windows-amd64)
GC Precious Log:
 CardTable entry size: 512
 Card Set container configuration: InlinePtr #cards 5 size 8 Array Of Cards #cards 12 size 40 Howl #buckets 4 coarsen threshold 1843 Howl Bitmap #cards 512 size 80 coarsen threshold 460 Card regions per heap region 1 cards per card region 2048
 CPUs: 4 total, 4 available
 Memory: 3863M
 Large Page Support: Disabled
 NUMA Support: Disabled
 Compressed Oops: Enabled (32-bit)
 Heap Region Size: 1M
 Heap Min Capacity: 8M
 Heap Initial Capacity: 62M
 Heap Max Capacity: 966M
 Pre-touch: Disabled
 Parallel Workers: 4
 Concurrent Workers: 1
 Concurrent Refinement Workers: 4
 Periodic GC: Disabled
Heap:
 garbage-first heap   total 63488K, used 28005K [0x00000000c3a00000, 0x0000000100000000)
  region size 1024K, 15 young (15360K), 3 survivors (3072K)
 Metaspace       used 17786K, committed 18176K, reserved 1114112K
  class space    used 1995K, committed 2176K, reserved 1048576K
GC Heap History (12 events):
Event: 2.210 GC heap before
{Heap before GC invocations=0 (full 0):
 garbage-first heap   total 63488K, used 13312K [0x00000000c3a00000, 0x0000000100000000)
  region size 1024K, 13 young (13312K), 0 survivors (0K)
 Metaspace       used 3863K, committed 4096K, reserved 1114112K
  class space    used 386K, committed 512K, reserved 1048576K
}
Event: 2.222 GC heap after
{Heap after GC invocations=1 (full 0):
 garbage-first heap   total 63488K, used 3343K [0x00000000c3a00000, 0x0000000100000000)
  region size 1024K, 2 young (2048K), 2 survivors (2048K)
 Metaspace       used 3863K, committed 4096K, reserved 1114112K
  class space    used 386K, committed 512K, reserved 1048576K
}
Event: 3.748 GC heap before
{Heap before GC invocations=1 (full 0):
 garbage-first heap   total 63488K, used 19727K [0x00000000c3a00000, 0x0000000100000000)
  region size 1024K, 18 young (18432K), 2 survivors (2048K)
 Metaspace       used 6458K, committed 6656K, reserved 1114112K
  class space    used 732K, committed 832K, reserved 1048576K
}
Event: 3.757 GC heap after
{Heap after GC invocations=2 (full 0):
 garbage-first heap   total 63488K, used 4428K [0x00000000c3a00000, 0x0000000100000000)
  region size 1024K, 1 young (1024K), 1 survivors (1024K)
 Metaspace       used 6458K, committed 6656K, reserved 1114112K
  class space    used 732K, committed 832K, reserved 1048576K
}
Event: 7.555 GC heap before
{Heap before GC invocations=2 (full 0):
 garbage-first heap   total 63488K, used 39244K [0x00000000c3a00000, 0x0000000100000000)
  region size 1024K, 36 young (36864K), 1 survivors (1024K)
 Metaspace       used 12480K, committed 12608K, reserved 1114112K
  class space    used 1463K, committed 1536K, reserved 1048576K
}
Event: 7.566 GC heap after
{Heap after GC invocations=3 (full 0):
 garbage-first heap   total 63488K, used 6707K [0x00000000c3a00000, 0x0000000100000000)
  region size 1024K, 4 young (4096K), 4 survivors (4096K)
 Metaspace       used 12480K, committed 12608K, reserved 1114112K
  class space    used 1463K, committed 1536K, reserved 1048576K
}
Event: 10.991 GC heap before
{Heap before GC invocations=3 (full 0):
 garbage-first heap   total 63488K, used 40499K [0x00000000c3a00000, 0x0000000100000000)
  region size 1024K, 37 young (37888K), 4 survivors (4096K)
 Metaspace       used 16062K, committed 16256K, reserved 1114112K
  class space    used 1846K, committed 1920K, reserved 1048576K
}
Event: 11.010 GC heap after
{Heap after GC invocations=4 (full 0):
 garbage-first heap   total 63488K, used 10849K [0x00000000c3a00000, 0x0000000100000000)
  region size 1024K, 5 young (5120K), 5 survivors (5120K)
 Metaspace       used 16062K, committed 16256K, reserved 1114112K
  class space    used 1846K, committed 1920K, reserved 1048576K
}
Event: 14.377 GC heap before
{Heap before GC invocations=4 (full 0):
 garbage-first heap   total 63488K, used 43617K [0x00000000c3a00000, 0x0000000100000000)
  region size 1024K, 37 young (37888K), 5 survivors (5120K)
 Metaspace       used 16479K, committed 16704K, reserved 1114112K
  class space    used 1872K, committed 1984K, reserved 1048576K
}
Event: 14.403 GC heap after
{Heap after GC invocations=5 (full 0):
 garbage-first heap   total 63488K, used 15229K [0x00000000c3a00000, 0x0000000100000000)
  region size 1024K, 4 young (4096K), 4 survivors (4096K)
 Metaspace       used 16479K, committed 16704K, reserved 1114112K
  class space    used 1872K, committed 1984K, reserved 1048576K
}
Event: 17.202 GC heap before
{Heap before GC invocations=5 (full 0):
 garbage-first heap   total 63488K, used 49021K [0x00000000c3a00000, 0x0000000100000000)
  region size 1024K, 37 young (37888K), 4 survivors (4096K)
 Metaspace       used 17470K, committed 17792K, reserved 1114112K
  class space    used 1971K, committed 2112K, reserved 1048576K
}
Event: 17.215 GC heap after
{Heap after GC invocations=6 (full 0):
 garbage-first heap   total 63488K, used 16741K [0x00000000c3a00000, 0x0000000100000000)
  region size 1024K, 3 young (3072K), 3 survivors (3072K)
 Metaspace       used 17470K, committed 17792K, reserved 1114112K
  class space    used 1971K, committed 2112K, reserved 1048576K
}

